gaoyan@gy:~/program/LSAT$ valgrind --leak-check=full ./lsat aln -NS ~/DATA/hg19/hg19.fa ~/DATA/test/mol-32-1f58.fa.gz > test.out 
==5776== Memcheck, a memory error detector
==5776== Copyright (C) 2002-2013, and GNU GPL'd, by Julian Seward et al.
==5776== Using Valgrind-3.10.0.SVN and LibVEX; rerun with -h for copyright info
==5776== Command: ./lsat aln -NS /home/gaoyan/DATA/hg19/hg19.fa /home/gaoyan/DATA/test/mol-32-1f58.fa.gz
==5776== 
[last_aln] Parsing seeds' information ... done.
[lsat_aln] Restoring ref-indices ... ==5776== Warning: set address range perms: large range [0x3a00e040, 0x6821f2ba) (defined)
==5776== Warning: set address range perms: large range [0x3a00e040, 0x6821f040) (defined)
done.
[lsat_aln] Clustering frag ... line-num: 4	line-num: 7	==5776== Invalid read of size 1
==5776==    at 0x410219: merge_cigar (frag_check.c:759)
==5776==    by 0x41113E: frag_extend (frag_check.c:889)
==5776==    by 0x414217: frag_check (frag_check.c:1500)
==5776==    by 0x40CBE1: frag_cluster (lsat_aln.c:1629)
==5776==    by 0x40D2B6: lsat_aln_core (lsat_aln.c:1806)
==5776==    by 0x40D5D8: lsat_aln (lsat_aln.c:1851)
==5776==    by 0x4014AE: main (main.c:33)
==5776==  Address 0x29c02a22 is 0 bytes after a block of size 2,274 alloc'd
==5776==    at 0x4C2AB80: malloc (in /usr/lib/valgrind/vgpreload_memcheck-amd64-linux.so)
==5776==    by 0x413D4D: frag_check (frag_check.c:1477)
==5776==    by 0x40CBE1: frag_cluster (lsat_aln.c:1629)
==5776==    by 0x40D2B6: lsat_aln_core (lsat_aln.c:1806)
==5776==    by 0x40D5D8: lsat_aln (lsat_aln.c:1851)
==5776==    by 0x4014AE: main (main.c:33)
==5776== 
line-num: 11	==5776== Conditional jump or move depends on uninitialised value(s)
==5776==    at 0x4227AA: ksw_extend2_core (ksw.c:678)
==5776==    by 0x422A75: ksw_extend2 (ksw.c:702)
==5776==    by 0x4199D4: hash_right_bound_map (split_mapping.c:2896)
==5776==    by 0x4134C9: frag_tail_bound_fix (frag_check.c:1360)
==5776==    by 0x413C6F: frag_check (frag_check.c:1465)
==5776==    by 0x40CBE1: frag_cluster (lsat_aln.c:1629)
==5776==    by 0x40D2B6: lsat_aln_core (lsat_aln.c:1806)
==5776==    by 0x40D5D8: lsat_aln (lsat_aln.c:1851)
==5776==    by 0x4014AE: main (main.c:33)
==5776== 
==5776== Conditional jump or move depends on uninitialised value(s)
==5776==    at 0x422C94: ksw_both_extend (ksw.c:752)
==5776==    by 0x41873E: hash_split_map (split_mapping.c:2507)
==5776==    by 0x419723: hash_right_bound_map (split_mapping.c:2871)
==5776==    by 0x4134C9: frag_tail_bound_fix (frag_check.c:1360)
==5776==    by 0x4142A7: frag_check (frag_check.c:1502)
==5776==    by 0x40CBE1: frag_cluster (lsat_aln.c:1629)
==5776==    by 0x40D2B6: lsat_aln_core (lsat_aln.c:1806)
==5776==    by 0x40D5D8: lsat_aln (lsat_aln.c:1851)
==5776==    by 0x4014AE: main (main.c:33)
==5776== 
==5776== Conditional jump or move depends on uninitialised value(s)
==5776==    at 0x422C94: ksw_both_extend (ksw.c:752)
==5776==    by 0x41873E: hash_split_map (split_mapping.c:2507)
==5776==    by 0x41958B: split_indel_map (split_mapping.c:2848)
==5776==    by 0x411AA2: split_mapping (frag_check.c:1051)
==5776==    by 0x414185: frag_check (frag_check.c:1498)
==5776==    by 0x40CBE1: frag_cluster (lsat_aln.c:1629)
==5776==    by 0x40D2B6: lsat_aln_core (lsat_aln.c:1806)
==5776==    by 0x40D5D8: lsat_aln (lsat_aln.c:1851)
==5776==    by 0x4014AE: main (main.c:33)
==5776== 
==5776== Conditional jump or move depends on uninitialised value(s)
==5776==    at 0x422C94: ksw_both_extend (ksw.c:752)
==5776==    by 0x41873E: hash_split_map (split_mapping.c:2507)
==5776==    by 0x41958B: split_indel_map (split_mapping.c:2848)
==5776==    by 0x411F02: split_mapping (frag_check.c:1129)
==5776==    by 0x413B60: frag_check (frag_check.c:1461)
==5776==    by 0x40CBE1: frag_cluster (lsat_aln.c:1629)
==5776==    by 0x40D2B6: lsat_aln_core (lsat_aln.c:1806)
==5776==    by 0x40D5D8: lsat_aln (lsat_aln.c:1851)
==5776==    by 0x4014AE: main (main.c:33)
==5776== 
==5776== Conditional jump or move depends on uninitialised value(s)
==5776==    at 0x4227AA: ksw_extend2_core (ksw.c:678)
==5776==    by 0x422A75: ksw_extend2 (ksw.c:702)
==5776==    by 0x419F5F: hash_left_bound_map (split_mapping.c:2955)
==5776==    by 0x412DE2: frag_head_bound_fix (frag_check.c:1276)
==5776==    by 0x41407D: frag_check (frag_check.c:1494)
==5776==    by 0x40CBE1: frag_cluster (lsat_aln.c:1629)
==5776==    by 0x40D2B6: lsat_aln_core (lsat_aln.c:1806)
==5776==    by 0x40D5D8: lsat_aln (lsat_aln.c:1851)
==5776==    by 0x4014AE: main (main.c:33)
==5776== 
==5776== Conditional jump or move depends on uninitialised value(s)
==5776==    at 0x4227E9: ksw_extend2_core (ksw.c:679)
==5776==    by 0x422A75: ksw_extend2 (ksw.c:702)
==5776==    by 0x419F5F: hash_left_bound_map (split_mapping.c:2955)
==5776==    by 0x412DE2: frag_head_bound_fix (frag_check.c:1276)
==5776==    by 0x41407D: frag_check (frag_check.c:1494)
==5776==    by 0x40CBE1: frag_cluster (lsat_aln.c:1629)
==5776==    by 0x40D2B6: lsat_aln_core (lsat_aln.c:1806)
==5776==    by 0x40D5D8: lsat_aln (lsat_aln.c:1851)
==5776==    by 0x4014AE: main (main.c:33)
==5776== 
line-num: 12	==5776== Conditional jump or move depends on uninitialised value(s)
==5776==    at 0x422C94: ksw_both_extend (ksw.c:752)
==5776==    by 0x41873E: hash_split_map (split_mapping.c:2507)
==5776==    by 0x419C49: hash_left_bound_map (split_mapping.c:2932)
==5776==    by 0x412DE2: frag_head_bound_fix (frag_check.c:1276)
==5776==    by 0x41407D: frag_check (frag_check.c:1494)
==5776==    by 0x40CBE1: frag_cluster (lsat_aln.c:1629)
==5776==    by 0x40D2B6: lsat_aln_core (lsat_aln.c:1806)
==5776==    by 0x40D5D8: lsat_aln (lsat_aln.c:1851)
==5776==    by 0x4014AE: main (main.c:33)
==5776== 
==5776== Invalid write of size 4
==5776==    at 0x419FAA: hash_left_bound_map (split_mapping.c:2961)
==5776==    by 0x412DE2: frag_head_bound_fix (frag_check.c:1276)
==5776==    by 0x41407D: frag_check (frag_check.c:1494)
==5776==    by 0x40CBE1: frag_cluster (lsat_aln.c:1629)
==5776==    by 0x40D2B6: lsat_aln_core (lsat_aln.c:1806)
==5776==    by 0x40D5D8: lsat_aln (lsat_aln.c:1851)
==5776==    by 0x4014AE: main (main.c:33)
==5776==  Address 0xa0dbf70 is 0 bytes after a block of size 16 alloc'd
==5776==    at 0x4C2AB80: malloc (in /usr/lib/valgrind/vgpreload_memcheck-amd64-linux.so)
==5776==    by 0x4C2CF1F: realloc (in /usr/lib/valgrind/vgpreload_memcheck-amd64-linux.so)
==5776==    by 0x42175D: push_cigar (ksw.c:463)
==5776==    by 0x4227D0: ksw_extend2_core (ksw.c:678)
==5776==    by 0x422A75: ksw_extend2 (ksw.c:702)
==5776==    by 0x419F5F: hash_left_bound_map (split_mapping.c:2955)
==5776==    by 0x412DE2: frag_head_bound_fix (frag_check.c:1276)
==5776==    by 0x41407D: frag_check (frag_check.c:1494)
==5776==    by 0x40CBE1: frag_cluster (lsat_aln.c:1629)
==5776==    by 0x40D2B6: lsat_aln_core (lsat_aln.c:1806)
==5776==    by 0x40D5D8: lsat_aln (lsat_aln.c:1851)
==5776==    by 0x4014AE: main (main.c:33)
==5776== 
==5776== Invalid read of size 4
==5776==    at 0x419FF3: hash_left_bound_map (split_mapping.c:2966)
==5776==    by 0x412DE2: frag_head_bound_fix (frag_check.c:1276)
==5776==    by 0x41407D: frag_check (frag_check.c:1494)
==5776==    by 0x40CBE1: frag_cluster (lsat_aln.c:1629)
==5776==    by 0x40D2B6: lsat_aln_core (lsat_aln.c:1806)
==5776==    by 0x40D5D8: lsat_aln (lsat_aln.c:1851)
==5776==    by 0x4014AE: main (main.c:33)
==5776==  Address 0xa0dbf70 is 0 bytes after a block of size 16 alloc'd
==5776==    at 0x4C2AB80: malloc (in /usr/lib/valgrind/vgpreload_memcheck-amd64-linux.so)
==5776==    by 0x4C2CF1F: realloc (in /usr/lib/valgrind/vgpreload_memcheck-amd64-linux.so)
==5776==    by 0x42175D: push_cigar (ksw.c:463)
==5776==    by 0x4227D0: ksw_extend2_core (ksw.c:678)
==5776==    by 0x422A75: ksw_extend2 (ksw.c:702)
==5776==    by 0x419F5F: hash_left_bound_map (split_mapping.c:2955)
==5776==    by 0x412DE2: frag_head_bound_fix (frag_check.c:1276)
==5776==    by 0x41407D: frag_check (frag_check.c:1494)
==5776==    by 0x40CBE1: frag_cluster (lsat_aln.c:1629)
==5776==    by 0x40D2B6: lsat_aln_core (lsat_aln.c:1806)
==5776==    by 0x40D5D8: lsat_aln (lsat_aln.c:1851)
==5776==    by 0x4014AE: main (main.c:33)
==5776== 
==5776== Invalid write of size 4
==5776==    at 0x41A011: hash_left_bound_map (split_mapping.c:2966)
==5776==    by 0x412DE2: frag_head_bound_fix (frag_check.c:1276)
==5776==    by 0x41407D: frag_check (frag_check.c:1494)
==5776==    by 0x40CBE1: frag_cluster (lsat_aln.c:1629)
==5776==    by 0x40D2B6: lsat_aln_core (lsat_aln.c:1806)
==5776==    by 0x40D5D8: lsat_aln (lsat_aln.c:1851)
==5776==    by 0x4014AE: main (main.c:33)
==5776==  Address 0xa0dbf70 is 0 bytes after a block of size 16 alloc'd
==5776==    at 0x4C2AB80: malloc (in /usr/lib/valgrind/vgpreload_memcheck-amd64-linux.so)
==5776==    by 0x4C2CF1F: realloc (in /usr/lib/valgrind/vgpreload_memcheck-amd64-linux.so)
==5776==    by 0x42175D: push_cigar (ksw.c:463)
==5776==    by 0x4227D0: ksw_extend2_core (ksw.c:678)
==5776==    by 0x422A75: ksw_extend2 (ksw.c:702)
==5776==    by 0x419F5F: hash_left_bound_map (split_mapping.c:2955)
==5776==    by 0x412DE2: frag_head_bound_fix (frag_check.c:1276)
==5776==    by 0x41407D: frag_check (frag_check.c:1494)
==5776==    by 0x40CBE1: frag_cluster (lsat_aln.c:1629)
==5776==    by 0x40D2B6: lsat_aln_core (lsat_aln.c:1806)
==5776==    by 0x40D5D8: lsat_aln (lsat_aln.c:1851)
==5776==    by 0x4014AE: main (main.c:33)
==5776== 
==5776== Invalid read of size 4
==5776==    at 0x40F04E: _push_cigar (frag_check.c:468)
==5776==    by 0x41A04E: hash_left_bound_map (split_mapping.c:2967)
==5776==    by 0x412DE2: frag_head_bound_fix (frag_check.c:1276)
==5776==    by 0x41407D: frag_check (frag_check.c:1494)
==5776==    by 0x40CBE1: frag_cluster (lsat_aln.c:1629)
==5776==    by 0x40D2B6: lsat_aln_core (lsat_aln.c:1806)
==5776==    by 0x40D5D8: lsat_aln (lsat_aln.c:1851)
==5776==    by 0x4014AE: main (main.c:33)
==5776==  Address 0xa0dbf70 is 0 bytes after a block of size 16 alloc'd
==5776==    at 0x4C2AB80: malloc (in /usr/lib/valgrind/vgpreload_memcheck-amd64-linux.so)
==5776==    by 0x4C2CF1F: realloc (in /usr/lib/valgrind/vgpreload_memcheck-amd64-linux.so)
==5776==    by 0x42175D: push_cigar (ksw.c:463)
==5776==    by 0x4227D0: ksw_extend2_core (ksw.c:678)
==5776==    by 0x422A75: ksw_extend2 (ksw.c:702)
==5776==    by 0x419F5F: hash_left_bound_map (split_mapping.c:2955)
==5776==    by 0x412DE2: frag_head_bound_fix (frag_check.c:1276)
==5776==    by 0x41407D: frag_check (frag_check.c:1494)
==5776==    by 0x40CBE1: frag_cluster (lsat_aln.c:1629)
==5776==    by 0x40D2B6: lsat_aln_core (lsat_aln.c:1806)
==5776==    by 0x40D5D8: lsat_aln (lsat_aln.c:1851)
==5776==    by 0x4014AE: main (main.c:33)
==5776== 
==5776== Conditional jump or move depends on uninitialised value(s)
==5776==    at 0x4227E9: ksw_extend2_core (ksw.c:679)
==5776==    by 0x422A75: ksw_extend2 (ksw.c:702)
==5776==    by 0x4199D4: hash_right_bound_map (split_mapping.c:2896)
==5776==    by 0x4134C9: frag_tail_bound_fix (frag_check.c:1360)
==5776==    by 0x413C6F: frag_check (frag_check.c:1465)
==5776==    by 0x40CBE1: frag_cluster (lsat_aln.c:1629)
==5776==    by 0x40D2B6: lsat_aln_core (lsat_aln.c:1806)
==5776==    by 0x40D5D8: lsat_aln (lsat_aln.c:1851)
==5776==    by 0x4014AE: main (main.c:33)
==5776== 
==5776== Invalid write of size 4
==5776==    at 0x419FAA: hash_left_bound_map (split_mapping.c:2961)
==5776==    by 0x412DE2: frag_head_bound_fix (frag_check.c:1276)
==5776==    by 0x413A3C: frag_check (frag_check.c:1457)
==5776==    by 0x40CBE1: frag_cluster (lsat_aln.c:1629)
==5776==    by 0x40D2B6: lsat_aln_core (lsat_aln.c:1806)
==5776==    by 0x40D5D8: lsat_aln (lsat_aln.c:1851)
==5776==    by 0x4014AE: main (main.c:33)
==5776==  Address 0xe932e00 is 0 bytes after a block of size 16 alloc'd
==5776==    at 0x4C2AB80: malloc (in /usr/lib/valgrind/vgpreload_memcheck-amd64-linux.so)
==5776==    by 0x4C2CF1F: realloc (in /usr/lib/valgrind/vgpreload_memcheck-amd64-linux.so)
==5776==    by 0x42175D: push_cigar (ksw.c:463)
==5776==    by 0x4227D0: ksw_extend2_core (ksw.c:678)
==5776==    by 0x422A75: ksw_extend2 (ksw.c:702)
==5776==    by 0x419F5F: hash_left_bound_map (split_mapping.c:2955)
==5776==    by 0x412DE2: frag_head_bound_fix (frag_check.c:1276)
==5776==    by 0x413A3C: frag_check (frag_check.c:1457)
==5776==    by 0x40CBE1: frag_cluster (lsat_aln.c:1629)
==5776==    by 0x40D2B6: lsat_aln_core (lsat_aln.c:1806)
==5776==    by 0x40D5D8: lsat_aln (lsat_aln.c:1851)
==5776==    by 0x4014AE: main (main.c:33)
==5776== 
==5776== Invalid read of size 4
==5776==    at 0x419FF3: hash_left_bound_map (split_mapping.c:2966)
==5776==    by 0x412DE2: frag_head_bound_fix (frag_check.c:1276)
==5776==    by 0x413A3C: frag_check (frag_check.c:1457)
==5776==    by 0x40CBE1: frag_cluster (lsat_aln.c:1629)
==5776==    by 0x40D2B6: lsat_aln_core (lsat_aln.c:1806)
==5776==    by 0x40D5D8: lsat_aln (lsat_aln.c:1851)
==5776==    by 0x4014AE: main (main.c:33)
==5776==  Address 0xe932e00 is 0 bytes after a block of size 16 alloc'd
==5776==    at 0x4C2AB80: malloc (in /usr/lib/valgrind/vgpreload_memcheck-amd64-linux.so)
==5776==    by 0x4C2CF1F: realloc (in /usr/lib/valgrind/vgpreload_memcheck-amd64-linux.so)
==5776==    by 0x42175D: push_cigar (ksw.c:463)
==5776==    by 0x4227D0: ksw_extend2_core (ksw.c:678)
==5776==    by 0x422A75: ksw_extend2 (ksw.c:702)
==5776==    by 0x419F5F: hash_left_bound_map (split_mapping.c:2955)
==5776==    by 0x412DE2: frag_head_bound_fix (frag_check.c:1276)
==5776==    by 0x413A3C: frag_check (frag_check.c:1457)
==5776==    by 0x40CBE1: frag_cluster (lsat_aln.c:1629)
==5776==    by 0x40D2B6: lsat_aln_core (lsat_aln.c:1806)
==5776==    by 0x40D5D8: lsat_aln (lsat_aln.c:1851)
==5776==    by 0x4014AE: main (main.c:33)
==5776== 
==5776== Invalid write of size 4
==5776==    at 0x41A011: hash_left_bound_map (split_mapping.c:2966)
==5776==    by 0x412DE2: frag_head_bound_fix (frag_check.c:1276)
==5776==    by 0x413A3C: frag_check (frag_check.c:1457)
==5776==    by 0x40CBE1: frag_cluster (lsat_aln.c:1629)
==5776==    by 0x40D2B6: lsat_aln_core (lsat_aln.c:1806)
==5776==    by 0x40D5D8: lsat_aln (lsat_aln.c:1851)
==5776==    by 0x4014AE: main (main.c:33)
==5776==  Address 0xe932e00 is 0 bytes after a block of size 16 alloc'd
==5776==    at 0x4C2AB80: malloc (in /usr/lib/valgrind/vgpreload_memcheck-amd64-linux.so)
==5776==    by 0x4C2CF1F: realloc (in /usr/lib/valgrind/vgpreload_memcheck-amd64-linux.so)
==5776==    by 0x42175D: push_cigar (ksw.c:463)
==5776==    by 0x4227D0: ksw_extend2_core (ksw.c:678)
==5776==    by 0x422A75: ksw_extend2 (ksw.c:702)
==5776==    by 0x419F5F: hash_left_bound_map (split_mapping.c:2955)
==5776==    by 0x412DE2: frag_head_bound_fix (frag_check.c:1276)
==5776==    by 0x413A3C: frag_check (frag_check.c:1457)
==5776==    by 0x40CBE1: frag_cluster (lsat_aln.c:1629)
==5776==    by 0x40D2B6: lsat_aln_core (lsat_aln.c:1806)
==5776==    by 0x40D5D8: lsat_aln (lsat_aln.c:1851)
==5776==    by 0x4014AE: main (main.c:33)
==5776== 
==5776== Invalid read of size 4
==5776==    at 0x40F04E: _push_cigar (frag_check.c:468)
==5776==    by 0x41A04E: hash_left_bound_map (split_mapping.c:2967)
==5776==    by 0x412DE2: frag_head_bound_fix (frag_check.c:1276)
==5776==    by 0x413A3C: frag_check (frag_check.c:1457)
==5776==    by 0x40CBE1: frag_cluster (lsat_aln.c:1629)
==5776==    by 0x40D2B6: lsat_aln_core (lsat_aln.c:1806)
==5776==    by 0x40D5D8: lsat_aln (lsat_aln.c:1851)
==5776==    by 0x4014AE: main (main.c:33)
==5776==  Address 0xe932e00 is 0 bytes after a block of size 16 alloc'd
==5776==    at 0x4C2AB80: malloc (in /usr/lib/valgrind/vgpreload_memcheck-amd64-linux.so)
==5776==    by 0x4C2CF1F: realloc (in /usr/lib/valgrind/vgpreload_memcheck-amd64-linux.so)
==5776==    by 0x42175D: push_cigar (ksw.c:463)
==5776==    by 0x4227D0: ksw_extend2_core (ksw.c:678)
==5776==    by 0x422A75: ksw_extend2 (ksw.c:702)
==5776==    by 0x419F5F: hash_left_bound_map (split_mapping.c:2955)
==5776==    by 0x412DE2: frag_head_bound_fix (frag_check.c:1276)
==5776==    by 0x413A3C: frag_check (frag_check.c:1457)
==5776==    by 0x40CBE1: frag_cluster (lsat_aln.c:1629)
==5776==    by 0x40D2B6: lsat_aln_core (lsat_aln.c:1806)
==5776==    by 0x40D5D8: lsat_aln (lsat_aln.c:1851)
==5776==    by 0x4014AE: main (main.c:33)
==5776== 
==5776== Conditional jump or move depends on uninitialised value(s)
==5776==    at 0x422C94: ksw_both_extend (ksw.c:752)
==5776==    by 0x41873E: hash_split_map (split_mapping.c:2507)
==5776==    by 0x41A278: hash_both_bound_map (split_mapping.c:3000)
==5776==    by 0x4122B7: split_mapping (frag_check.c:1161)
==5776==    by 0x414185: frag_check (frag_check.c:1498)
==5776==    by 0x40CBE1: frag_cluster (lsat_aln.c:1629)
==5776==    by 0x40D2B6: lsat_aln_core (lsat_aln.c:1806)
==5776==    by 0x40D5D8: lsat_aln (lsat_aln.c:1851)
==5776==    by 0x4014AE: main (main.c:33)

